<?xml version="1.0" encoding="UTF-8"?>
<!-- Generated by org.testng.reporters.JUnitReportReporter -->
<testsuite hostname="IOS-PC" failures="0" tests="1" name="com.seldemod.selenium.SelDemod" time="0.011" errors="0" timestamp="2021-11-18T19:24:32 CST" skipped="0">
  <testcase classname="com.seldemod.selenium.SelDemod" name="printScreen" time="0.011"/>
  <system-out/>
</testsuite> <!-- com.seldemod.selenium.SelDemod -->
